2021-11-16 16:03:17.159  INFO 9720 --- [main] c.c.barnabas.ChurchBarnabasApplication   : No active profile set, falling back to default profiles: default
2021-11-16 16:03:18.511  INFO 9720 --- [main] .s.d.r.c.RepositoryConfigurationDelegate : Bootstrapping Spring Data JPA repositories in DEFAULT mode.
2021-11-16 16:03:18.895  INFO 9720 --- [main] .s.d.r.c.RepositoryConfigurationDelegate : Finished Spring Data repository scanning in 374ms. Found 10 JPA repository interfaces.
2021-11-16 16:03:19.666  INFO 9720 --- [main] o.s.cloud.context.scope.GenericScope     : BeanFactory id=98b00a6a-9871-3457-a350-b60a405afcd8
2021-11-16 16:03:19.874  INFO 9720 --- [main] trationDelegate$BeanPostProcessorChecker : Bean 'org.springframework.security.access.expression.method.DefaultMethodSecurityExpressionHandler@4b07cad0' of type [org.springframework.security.access.expression.method.DefaultMethodSecurityExpressionHandler] is not eligible for getting processed by all BeanPostProcessors (for example: not eligible for auto-proxying)
2021-11-16 16:03:19.881  INFO 9720 --- [main] trationDelegate$BeanPostProcessorChecker : Bean 'methodSecurityMetadataSource' of type [org.springframework.security.access.method.DelegatingMethodSecurityMetadataSource] is not eligible for getting processed by all BeanPostProcessors (for example: not eligible for auto-proxying)
2021-11-16 16:03:20.784  INFO 9720 --- [main] o.s.b.w.embedded.tomcat.TomcatWebServer  : Tomcat initialized with port(s): 9876 (http)
2021-11-16 16:03:20.810  INFO 9720 --- [main] o.apache.catalina.core.StandardService   : Starting service [Tomcat]
2021-11-16 16:03:20.811  INFO 9720 --- [main] org.apache.catalina.core.StandardEngine  : Starting Servlet engine: [Apache Tomcat/9.0.45]
2021-11-16 16:03:21.419  INFO 9720 --- [main] o.a.c.c.C.[Tomcat].[localhost].[/]       : Initializing Spring embedded WebApplicationContext
2021-11-16 16:03:21.419  INFO 9720 --- [main] w.s.c.ServletWebServerApplicationContext : Root WebApplicationContext: initialization completed in 4226 ms
2021-11-16 16:03:21.891  INFO 9720 --- [main] o.hibernate.jpa.internal.util.LogHelper  : HHH000204: Processing PersistenceUnitInfo [name: default]
2021-11-16 16:03:21.986  INFO 9720 --- [main] org.hibernate.Version                    : HHH000412: Hibernate ORM core version 5.4.30.Final
2021-11-16 16:03:22.146  INFO 9720 --- [main] o.hibernate.annotations.common.Version   : HCANN000001: Hibernate Commons Annotations {5.1.2.Final}
2021-11-16 16:03:22.482  INFO 9720 --- [main] com.zaxxer.hikari.HikariDataSource       : HikariPool-1 - Starting...
2021-11-16 16:03:23.223  INFO 9720 --- [main] com.zaxxer.hikari.HikariDataSource       : HikariPool-1 - Start completed.
2021-11-16 16:03:23.261  INFO 9720 --- [main] org.hibernate.dialect.Dialect            : HHH000400: Using dialect: org.hibernate.dialect.MySQL55Dialect
2021-11-16 16:03:26.537  INFO 9720 --- [main] o.h.e.t.j.p.i.JtaPlatformInitiator       : HHH000490: Using JtaPlatform implementation: [org.hibernate.engine.transaction.jta.platform.internal.NoJtaPlatform]
2021-11-16 16:03:26.555  INFO 9720 --- [main] j.LocalContainerEntityManagerFactoryBean : Initialized JPA EntityManagerFactory for persistence unit 'default'
2021-11-16 16:03:28.286  WARN 9720 --- [main] JpaBaseConfiguration$JpaWebConfiguration : spring.jpa.open-in-view is enabled by default. Therefore, database queries may be performed during view rendering. Explicitly configure spring.jpa.open-in-view to disable this warning
2021-11-16 16:03:28.964  WARN 9720 --- [main] c.n.c.sources.URLConfigurationSource     : No URLs will be polled as dynamic configuration sources.
2021-11-16 16:03:28.965  INFO 9720 --- [main] c.n.c.sources.URLConfigurationSource     : To enable URLs as dynamic configuration sources, define System property archaius.configurationSource.additionalUrls or make config.properties available on classpath.
2021-11-16 16:03:28.972  WARN 9720 --- [main] c.n.c.sources.URLConfigurationSource     : No URLs will be polled as dynamic configuration sources.
2021-11-16 16:03:28.972  INFO 9720 --- [main] c.n.c.sources.URLConfigurationSource     : To enable URLs as dynamic configuration sources, define System property archaius.configurationSource.additionalUrls or make config.properties available on classpath.
2021-11-16 16:03:29.907  INFO 9720 --- [main] o.s.s.web.DefaultSecurityFilterChain     : Creating filter chain: OrRequestMatcher [requestMatchers=[Ant [pattern='/oauth/token'], Ant [pattern='/oauth/token_key'], Ant [pattern='/oauth/check_token']]], [org.springframework.security.web.context.request.async.WebAsyncManagerIntegrationFilter@ce2077, org.springframework.security.web.context.SecurityContextPersistenceFilter@30e3ca4a, org.springframework.security.web.header.HeaderWriterFilter@7973d55a, org.springframework.security.web.authentication.logout.LogoutFilter@6d448772, org.springframework.security.web.authentication.www.BasicAuthenticationFilter@6ed99ce0, org.springframework.security.web.savedrequest.RequestCacheAwareFilter@56c802bc, org.springframework.security.web.servletapi.SecurityContextHolderAwareRequestFilter@4999462c, org.springframework.security.web.authentication.AnonymousAuthenticationFilter@123fb86b, org.springframework.security.web.session.SessionManagementFilter@700df0dd, org.springframework.security.web.access.ExceptionTranslationFilter@3ab815ab, org.springframework.security.web.access.intercept.FilterSecurityInterceptor@255e9649]
2021-11-16 16:03:29.920  INFO 9720 --- [main] o.s.s.web.DefaultSecurityFilterChain     : Creating filter chain: org.springframework.security.oauth2.config.annotation.web.configuration.ResourceServerConfiguration$NotOAuthRequestMatcher@1c9e9bfb, [org.springframework.security.web.context.request.async.WebAsyncManagerIntegrationFilter@361398f6, org.springframework.security.web.context.SecurityContextPersistenceFilter@3ad9012f, org.springframework.security.web.header.HeaderWriterFilter@58cb1f78, org.springframework.security.web.authentication.logout.LogoutFilter@69b74dc2, org.springframework.security.oauth2.provider.authentication.OAuth2AuthenticationProcessingFilter@710f4a91, org.springframework.security.web.savedrequest.RequestCacheAwareFilter@7bb0b7b4, org.springframework.security.web.servletapi.SecurityContextHolderAwareRequestFilter@7b004765, org.springframework.security.web.authentication.AnonymousAuthenticationFilter@f4c0c33, org.springframework.security.web.session.SessionManagementFilter@44e49229, org.springframework.security.web.access.ExceptionTranslationFilter@5722c149, org.springframework.security.web.access.intercept.FilterSecurityInterceptor@66bd32b1]
2021-11-16 16:03:29.928  INFO 9720 --- [main] o.s.s.web.DefaultSecurityFilterChain     : Creating filter chain: any request, [org.springframework.security.web.context.request.async.WebAsyncManagerIntegrationFilter@1eba2b8d, org.springframework.security.web.context.SecurityContextPersistenceFilter@55b12c21, org.springframework.security.web.header.HeaderWriterFilter@24f878f7, org.springframework.web.filter.CorsFilter@6e3f108c, org.springframework.security.web.csrf.CsrfFilter@270741c2, org.springframework.security.web.authentication.logout.LogoutFilter@9215bfb, org.springframework.security.web.savedrequest.RequestCacheAwareFilter@5762dc14, org.springframework.security.web.servletapi.SecurityContextHolderAwareRequestFilter@30ba29cf, org.springframework.security.web.authentication.AnonymousAuthenticationFilter@7a447c5d, org.springframework.security.web.session.SessionManagementFilter@68f1b06b, org.springframework.security.web.access.ExceptionTranslationFilter@618c6ba8, org.springframework.security.web.access.intercept.FilterSecurityInterceptor@453d15d7]
2021-11-16 16:03:29.947  INFO 9720 --- [main] o.s.s.c.ThreadPoolTaskScheduler          : Initializing ExecutorService 'taskScheduler'
2021-11-16 16:03:30.313  INFO 9720 --- [main] DiscoveryClientOptionalArgsConfiguration : Eureka HTTP Client uses Jersey
2021-11-16 16:03:30.662  WARN 9720 --- [main] ockingLoadBalancerClientRibbonWarnLogger : You already have RibbonLoadBalancerClient on your classpath. It will be used by default. As Spring Cloud Ribbon is in maintenance mode. We recommend switching to BlockingLoadBalancerClient instead. In order to use it, set the value of `spring.cloud.loadbalancer.ribbon.enabled` to `false` or remove spring-cloud-starter-netflix-ribbon from your project.
2021-11-16 16:03:30.818  INFO 9720 --- [main] o.s.c.n.eureka.InstanceInfoFactory       : Setting initial instance status as: STARTING
2021-11-16 16:03:30.852  INFO 9720 --- [main] com.netflix.discovery.DiscoveryClient    : Initializing Eureka in region us-east-1
2021-11-16 16:03:30.852  INFO 9720 --- [main] com.netflix.discovery.DiscoveryClient    : Client configured to neither register nor query for data.
2021-11-16 16:03:30.862  INFO 9720 --- [main] com.netflix.discovery.DiscoveryClient    : Discovery Client initialized at timestamp 1637058810860 with initial instances count: 0
2021-11-16 16:03:30.869  INFO 9720 --- [main] o.s.c.n.e.s.EurekaServiceRegistry        : Registering application BARNABAS with eureka with status UP
2021-11-16 16:03:30.930  INFO 9720 --- [main] o.s.b.w.embedded.tomcat.TomcatWebServer  : Tomcat started on port(s): 9876 (http) with context path ''
2021-11-16 16:03:30.931  INFO 9720 --- [main] .s.c.n.e.s.EurekaAutoServiceRegistration : Updating port to 9876
2021-11-16 16:03:31.053  INFO 9720 --- [http-nio-9876-exec-1] o.a.c.c.C.[Tomcat].[localhost].[/]       : Initializing Spring DispatcherServlet 'dispatcherServlet'
2021-11-16 16:03:31.054  INFO 9720 --- [http-nio-9876-exec-1] o.s.web.servlet.DispatcherServlet        : Initializing Servlet 'dispatcherServlet'
2021-11-16 16:03:31.066  INFO 9720 --- [http-nio-9876-exec-1] o.s.web.servlet.DispatcherServlet        : Completed initialization in 12 ms
2021-11-16 16:03:31.710  INFO 9720 --- [main] c.c.barnabas.ChurchBarnabasApplication   : Started ChurchBarnabasApplication in 17.569 seconds (JVM running for 20.347)
